Build started 4/30/2014 2:04:19 PM.
     1>Project "C:\Users\Sean Darcy\Reversemes\monkey\MonkeyKeygen\src\Keygen.vcxproj" on node 2 (Build target(s)).
     1>ClCompile:
         C:\Program Files (x86)\Microsoft Visual Studio 11.0\VC\bin\CL.exe /c /ZI /nologo /W3 /WX- /Od /Oy- /D WIN32 /D _DEBUG /D _WINDOWS /D _VC80_UPGRADE=0x0600 /D _MBCS /Gm /EHsc /RTC1 /MTd /GS /Gy- /fp:precise /Zc:wchar_t /Zc:forScope /Fo".\Debug\\" /Fd".\Debug\vc110.pdb" /Gd /TC /analyze- /errorReport:prompt keygen.c
         keygen.c
     1>c:\users\sean darcy\reversemes\monkey\monkeykeygen\src\crc.c(17): warning C4996: 'sprintf': This function or variable may be unsafe. Consider using sprintf_s instead. To disable deprecation, use _CRT_SECURE_NO_WARNINGS. See online help for details.
                 c:\program files (x86)\microsoft visual studio 11.0\vc\include\stdio.h(357) : see declaration of 'sprintf'
     1>c:\users\sean darcy\reversemes\monkey\monkeykeygen\src\keygen.c(289): warning C4996: 'strcpy': This function or variable may be unsafe. Consider using strcpy_s instead. To disable deprecation, use _CRT_SECURE_NO_WARNINGS. See online help for details.
                 c:\program files (x86)\microsoft visual studio 11.0\vc\include\string.h(110) : see declaration of 'strcpy'
     1>c:\users\sean darcy\reversemes\monkey\monkeykeygen\src\keygen.c(290): warning C4013: 'generate' undefined; assuming extern returning int
     1>c:\users\sean darcy\reversemes\monkey\monkeykeygen\src\keygen.c(309): warning C4018: '<' : signed/unsigned mismatch
     1>c:\users\sean darcy\reversemes\monkey\monkeykeygen\src\keygen.c(314): warning C4013: 'uintToHexStr' undefined; assuming extern returning int
     1>c:\users\sean darcy\reversemes\monkey\monkeykeygen\src\keygen.c(315): warning C4996: 'strcat': This function or variable may be unsafe. Consider using strcat_s instead. To disable deprecation, use _CRT_SECURE_NO_WARNINGS. See online help for details.
                 c:\program files (x86)\microsoft visual studio 11.0\vc\include\string.h(115) : see declaration of 'strcat'
     1>c:\users\sean darcy\reversemes\monkey\monkeykeygen\src\keygen.c(335): warning C4552: '<<' : operator has no effect; expected operator with side-effect
     1>c:\users\sean darcy\reversemes\monkey\monkeykeygen\src\keygen.c(325): warning C4716: 'generate' : must return a value
       Link:
         C:\Program Files (x86)\Microsoft Visual Studio 11.0\VC\bin\link.exe /ERRORREPORT:PROMPT /OUT:".\Debug\Keygen.exe" /INCREMENTAL /NOLOGO odbc32.lib odbccp32.lib kernel32.lib user32.lib gdi32.lib winspool.lib comdlg32.lib advapi32.lib shell32.lib ole32.lib oleaut32.lib uuid.lib odbc32.lib odbccp32.lib /MANIFEST /MANIFESTUAC:"level='asInvoker' uiAccess='false'" /manifest:embed /DEBUG /PDB:".\Debug\Keygen.pdb" /SUBSYSTEM:WINDOWS /TLBID:1 /DYNAMICBASE /NXCOMPAT /IMPLIB:".\Debug\Keygen.lib" /MACHINE:X86 /SAFESEH:NO .\Debug\kgen.res
         .\Debug\keygen.obj
         Keygen.vcxproj -> C:\Users\Sean Darcy\Reversemes\monkey\MonkeyKeygen\src\.\Debug\Keygen.exe
     1>Done Building Project "C:\Users\Sean Darcy\Reversemes\monkey\MonkeyKeygen\src\Keygen.vcxproj" (Build target(s)).

Build succeeded.

Time Elapsed 00:00:00.79
