Build started 4/24/2014 4:55:52 PM.
Project "C:\Users\Sean Darcy\Reversemes\lafarge-crackme2\keygen\src\Keygen.vcxproj" on node 2 (Build target(s)).
ClCompile:
  C:\Program Files (x86)\Microsoft Visual Studio 11.0\VC\bin\CL.exe /c /ZI /nologo /W3 /WX- /Od /Oy- /D WIN32 /D _DEBUG /D _WINDOWS /D _VC80_UPGRADE=0x0600 /D _MBCS /Gm /EHsc /RTC1 /MTd /GS /Gy- /fp:precise /Zc:wchar_t /Zc:forScope /Fo".\Debug\\" /Fd".\Debug\vc110.pdb" /Gd /TC /analyze- /errorReport:prompt keygen.c
  keygen.c
c:\users\sean darcy\reversemes\lafarge-crackme2\keygen\src\crc.c(17): warning C4996: 'sprintf': This function or variable may be unsafe. Consider using sprintf_s instead. To disable deprecation, use _CRT_SECURE_NO_WARNINGS. See online help for details.
          c:\program files (x86)\microsoft visual studio 11.0\vc\include\stdio.h(357) : see declaration of 'sprintf'
c:\users\sean darcy\reversemes\lafarge-crackme2\keygen\src\keygen.c(294): warning C4013: 'xorforward' undefined; assuming extern returning int
c:\users\sean darcy\reversemes\lafarge-crackme2\keygen\src\keygen.c(305): warning C4047: 'function' : 'const char *' differs in levels of indirection from 'char **'
c:\users\sean darcy\reversemes\lafarge-crackme2\keygen\src\keygen.c(305): warning C4024: 'strlen' : different types for formal and actual parameter 1
c:\users\sean darcy\reversemes\lafarge-crackme2\keygen\src\keygen.c(306): warning C4047: 'function' : 'const char *' differs in levels of indirection from 'char **'
c:\users\sean darcy\reversemes\lafarge-crackme2\keygen\src\keygen.c(306): warning C4024: 'strlen' : different types for formal and actual parameter 1
c:\users\sean darcy\reversemes\lafarge-crackme2\keygen\src\keygen.c(311): warning C4018: '<' : signed/unsigned mismatch
c:\users\sean darcy\reversemes\lafarge-crackme2\keygen\src\keygen.c(312): warning C4018: '>' : signed/unsigned mismatch
c:\users\sean darcy\reversemes\lafarge-crackme2\keygen\src\keygen.c(313): error C2296: '^=' : illegal, left operand has type 'char *'
c:\users\sean darcy\reversemes\lafarge-crackme2\keygen\src\keygen.c(313): error C2297: '^=' : illegal, right operand has type 'char *'
c:\users\sean darcy\reversemes\lafarge-crackme2\keygen\src\keygen.c(314): warning C4047: '=' : 'char *' differs in levels of indirection from 'char'
Done Building Project "C:\Users\Sean Darcy\Reversemes\lafarge-crackme2\keygen\src\Keygen.vcxproj" (Build target(s)) -- FAILED.

Build FAILED.

Time Elapsed 00:00:01.03
